<?xml version="1.0" encoding="UTF-8"?>
<testsuite xmlns:xsi="http://www.w3.org/2001/XMLSchema-instance" xsi:noNamespaceSchemaLocation="https://maven.apache.org/surefire/maven-surefire-plugin/xsd/surefire-test-report.xsd" name="com.solvd.laba.AppTest" time="0.024" tests="1" errors="0" skipped="0" failures="0">
  <properties>
    <property name="java.specification.version" value="17"/>
    <property name="sun.cpu.isalist" value="amd64"/>
    <property name="sun.jnu.encoding" value="Cp1252"/>
    <property name="java.class.path" value="C:\Uroosa\Java\Solvd\SolvdGenetic-Project\GeneticSchedule\geneticAlgorithm\target\test-classes;C:\Uroosa\Java\Solvd\SolvdGenetic-Project\GeneticSchedule\geneticAlgorithm\target\classes;C:\Users\iamur\.m2\repository\junit\junit\4.11\junit-4.11.jar;C:\Users\iamur\.m2\repository\org\hamcrest\hamcrest-core\1.3\hamcrest-core-1.3.jar;C:\Users\iamur\.m2\repository\net\sf\jgap\jgap\3.4.4\jgap-3.4.4.jar;C:\Users\iamur\.m2\repository\commons-lang\commons-lang\2.3\commons-lang-2.3.jar;C:\Users\iamur\.m2\repository\log4j\log4j\1.2.9\log4j-1.2.9.jar;C:\Users\iamur\.m2\repository\commons-codec\commons-codec\1.3\commons-codec-1.3.jar;C:\Users\iamur\.m2\repository\net\sf\trove4j\trove4j\2.0.2\trove4j-2.0.2.jar;C:\Users\iamur\.m2\repository\com\thoughtworks\xstream\xstream\1.2.2\xstream-1.2.2.jar;C:\Users\iamur\.m2\repository\xpp3\xpp3_min\1.1.3.4.O\xpp3_min-1.1.3.4.O.jar;C:\Users\iamur\.m2\repository\xpp3\xpp3\1.1.3.4.O\xpp3-1.1.3.4.O.jar;C:\Users\iamur\.m2\repository\commons-cli\commons-cli\1.0\commons-cli-1.0.jar;C:\Users\iamur\.m2\repository\commons-logging\commons-logging\1.0\commons-logging-1.0.jar;C:\Users\iamur\.m2\repository\tablelayout\TableLayout\20050920\TableLayout-20050920.jar;C:\Users\iamur\.m2\repository\net\sf\jcgrid\jcgrid\0.05\jcgrid-0.05.jar;C:\Users\iamur\.m2\repository\junit-addons\junit-addons\1.4\junit-addons-1.4.jar;C:\Users\iamur\.m2\repository\xerces\xercesImpl\2.6.2\xercesImpl-2.6.2.jar;C:\Users\iamur\.m2\repository\xerces\xmlParserAPIs\2.6.2\xmlParserAPIs-2.6.2.jar;C:\Users\iamur\.m2\repository\org\mybatis\mybatis\3.5.13\mybatis-3.5.13.jar;"/>
    <property name="java.vm.vendor" value="Eclipse Adoptium"/>
    <property name="sun.arch.data.model" value="64"/>
    <property name="user.variant" value=""/>
    <property name="java.vendor.url" value="https://adoptium.net/"/>
    <property name="user.timezone" value="America/Chicago"/>
    <property name="os.name" value="Windows 11"/>
    <property name="java.vm.specification.version" value="17"/>
    <property name="sun.java.launcher" value="SUN_STANDARD"/>
    <property name="user.country" value="US"/>
    <property name="sun.boot.library.path" value="C:\Users\iamur\.p2\pool\plugins\org.eclipse.justj.openjdk.hotspot.jre.full.win32.x86_64_17.0.7.v20230425-1502\jre\bin"/>
    <property name="sun.java.command" value="C:\Users\iamur\AppData\Local\Temp\surefire271555609990386951\surefirebooter11910655663286797510.jar C:\Users\iamur\AppData\Local\Temp\surefire271555609990386951 2023-07-16T23-04-17_657-jvmRun1 surefire4919585427965204243tmp surefire_03150149313406499881tmp"/>
    <property name="jdk.debug" value="release"/>
    <property name="surefire.test.class.path" value="C:\Uroosa\Java\Solvd\SolvdGenetic-Project\GeneticSchedule\geneticAlgorithm\target\test-classes;C:\Uroosa\Java\Solvd\SolvdGenetic-Project\GeneticSchedule\geneticAlgorithm\target\classes;C:\Users\iamur\.m2\repository\junit\junit\4.11\junit-4.11.jar;C:\Users\iamur\.m2\repository\org\hamcrest\hamcrest-core\1.3\hamcrest-core-1.3.jar;C:\Users\iamur\.m2\repository\net\sf\jgap\jgap\3.4.4\jgap-3.4.4.jar;C:\Users\iamur\.m2\repository\commons-lang\commons-lang\2.3\commons-lang-2.3.jar;C:\Users\iamur\.m2\repository\log4j\log4j\1.2.9\log4j-1.2.9.jar;C:\Users\iamur\.m2\repository\commons-codec\commons-codec\1.3\commons-codec-1.3.jar;C:\Users\iamur\.m2\repository\net\sf\trove4j\trove4j\2.0.2\trove4j-2.0.2.jar;C:\Users\iamur\.m2\repository\com\thoughtworks\xstream\xstream\1.2.2\xstream-1.2.2.jar;C:\Users\iamur\.m2\repository\xpp3\xpp3_min\1.1.3.4.O\xpp3_min-1.1.3.4.O.jar;C:\Users\iamur\.m2\repository\xpp3\xpp3\1.1.3.4.O\xpp3-1.1.3.4.O.jar;C:\Users\iamur\.m2\repository\commons-cli\commons-cli\1.0\commons-cli-1.0.jar;C:\Users\iamur\.m2\repository\commons-logging\commons-logging\1.0\commons-logging-1.0.jar;C:\Users\iamur\.m2\repository\tablelayout\TableLayout\20050920\TableLayout-20050920.jar;C:\Users\iamur\.m2\repository\net\sf\jcgrid\jcgrid\0.05\jcgrid-0.05.jar;C:\Users\iamur\.m2\repository\junit-addons\junit-addons\1.4\junit-addons-1.4.jar;C:\Users\iamur\.m2\repository\xerces\xercesImpl\2.6.2\xercesImpl-2.6.2.jar;C:\Users\iamur\.m2\repository\xerces\xmlParserAPIs\2.6.2\xmlParserAPIs-2.6.2.jar;C:\Users\iamur\.m2\repository\org\mybatis\mybatis\3.5.13\mybatis-3.5.13.jar;"/>
    <property name="sun.cpu.endian" value="little"/>
    <property name="user.home" value="C:\Users\iamur"/>
    <property name="user.language" value="en"/>
    <property name="java.specification.vendor" value="Oracle Corporation"/>
    <property name="java.version.date" value="2023-04-18"/>
    <property name="java.home" value="C:\Users\iamur\.p2\pool\plugins\org.eclipse.justj.openjdk.hotspot.jre.full.win32.x86_64_17.0.7.v20230425-1502\jre"/>
    <property name="file.separator" value="\"/>
    <property name="style.color" value="always"/>
    <property name="basedir" value="C:\Uroosa\Java\Solvd\SolvdGenetic-Project\GeneticSchedule\geneticAlgorithm"/>
    <property name="java.vm.compressedOopsMode" value="Zero based"/>
    <property name="line.separator" value="&#10;"/>
    <property name="java.vm.specification.vendor" value="Oracle Corporation"/>
    <property name="java.specification.name" value="Java Platform API Specification"/>
    <property name="surefire.real.class.path" value="C:\Users\iamur\AppData\Local\Temp\surefire271555609990386951\surefirebooter11910655663286797510.jar"/>
    <property name="user.script" value=""/>
    <property name="sun.management.compiler" value="HotSpot 64-Bit Tiered Compilers"/>
    <property name="java.runtime.version" value="17.0.7+7"/>
    <property name="user.name" value="iamur"/>
    <property name="path.separator" value=";"/>
    <property name="os.version" value="10.0"/>
    <property name="java.runtime.name" value="OpenJDK Runtime Environment"/>
    <property name="file.encoding" value="Cp1252"/>
    <property name="java.vm.name" value="OpenJDK 64-Bit Server VM"/>
    <property name="java.vendor.version" value="Temurin-17.0.7+7"/>
    <property name="localRepository" value="C:\Users\iamur\.m2\repository"/>
    <property name="java.vendor.url.bug" value="https://github.com/adoptium/adoptium-support/issues"/>
    <property name="java.io.tmpdir" value="C:\Users\iamur\AppData\Local\Temp\"/>
    <property name="java.version" value="17.0.7"/>
    <property name="user.dir" value="C:\Uroosa\Java\Solvd\SolvdGenetic-Project\GeneticSchedule\geneticAlgorithm"/>
    <property name="os.arch" value="amd64"/>
    <property name="java.vm.specification.name" value="Java Virtual Machine Specification"/>
    <property name="sun.os.patch.level" value=""/>
    <property name="native.encoding" value="Cp1252"/>
    <property name="java.library.path" value="C:\Users\iamur\.p2\pool\plugins\org.eclipse.justj.openjdk.hotspot.jre.full.win32.x86_64_17.0.7.v20230425-1502\jre\bin;C:\WINDOWS\Sun\Java\bin;C:\WINDOWS\system32;C:\WINDOWS;C:/Users/iamur/.p2/pool/plugins/org.eclipse.justj.openjdk.hotspot.jre.full.win32.x86_64_17.0.7.v20230425-1502/jre/bin/server;C:/Users/iamur/.p2/pool/plugins/org.eclipse.justj.openjdk.hotspot.jre.full.win32.x86_64_17.0.7.v20230425-1502/jre/bin;C:/Users/iamur/AppData/Local/Temp/eoi518D.tmp//plugins/org.eclipse.justj.openjdk.hotspot.jre.minimal.stripped.win32.x86_64_17.0.7.v20230425-1502/jre/bin/server;C:/Users/iamur/AppData/Local/Temp/eoi518D.tmp//plugins/org.eclipse.justj.openjdk.hotspot.jre.minimal.stripped.win32.x86_64_17.0.7.v20230425-1502/jre/bin;C:\Program Files (x86)\Microsoft\Edge\Application;C:\WINDOWS\system32;C:\WINDOWS;C:\WINDOWS\System32\Wbem;C:\WINDOWS\System32\WindowsPowerShell\v1.0\;C:\WINDOWS\System32\OpenSSH\;C:\Program Files\Git\cmd;C:\Users\iamur\AppData\Local\Microsoft\WindowsApps;;C:\Users\iamur\Downloads;;C:\Users\iamur\Downloads;;."/>
    <property name="java.vm.info" value="mixed mode"/>
    <property name="java.vendor" value="Eclipse Adoptium"/>
    <property name="java.vm.version" value="17.0.7+7"/>
    <property name="sun.io.unicode.encoding" value="UnicodeLittle"/>
    <property name="java.class.version" value="61.0"/>
  </properties>
  <testcase name="shouldAnswerWithTrue" classname="com.solvd.laba.AppTest" time="0.001"/>
</testsuite>